<?xml version="1.0" encoding="UTF-8"?>
<!-- Generated by org.testng.reporters.JUnitReportReporter -->
<testsuite hostname="DESKTOP-DHSQEQD" failures="0" tests="1" name="TestCases.WebTebleTest" time="18.365" errors="0" timestamp="2022-07-19T11:33:35 IST" skipped="0">
  <testcase classname="TestCases.WebTebleTest" name="initialize" time="18.365"/>
  <system-out/>
</testsuite> <!-- TestCases.WebTebleTest -->
